This is pdfTeX, Version 3.1415926-2.5-1.40.14 (TeX Live 2013) (format=pdflatex 2016.3.4)  23 DEC 2016 19:17
entering extended mode
 restricted \write18 enabled.
 %&-line parsing enabled.
**Tesis.tex
(./Tesis.tex
LaTeX2e <2011/06/27>
Babel <v3.8m> and hyphenation patterns for english, dumylang, nohyphenation, lo
aded.
(/usr/share/texlive/texmf-dist/tex/latex/base/book.cls
Document Class: book 2007/10/19 v1.4h Standard LaTeX document class
(/usr/share/texlive/texmf-dist/tex/latex/base/bk12.clo
File: bk12.clo 2007/10/19 v1.4h Standard LaTeX file (size option)
)
\c@part=\count79
\c@chapter=\count80
\c@section=\count81
\c@subsection=\count82
\c@subsubsection=\count83
\c@paragraph=\count84
\c@subparagraph=\count85
\c@figure=\count86
\c@table=\count87
\abovecaptionskip=\skip41
\belowcaptionskip=\skip42
\bibindent=\dimen102
)
(/usr/share/texlive/texmf-dist/tex/latex/cite/cite.sty
LaTeX Info: Redefining \cite on input line 302.
LaTeX Info: Redefining \nocite on input line 373.
Package: cite 2010/09/10  v 5.3
)
(/usr/share/texlive/texmf-dist/tex/latex/amsfonts/amssymb.sty
Package: amssymb 2013/01/14 v3.01 AMS font symbols

(/usr/share/texlive/texmf-dist/tex/latex/amsfonts/amsfonts.sty
Package: amsfonts 2013/01/14 v3.01 Basic AMSFonts support
\@emptytoks=\toks14
\symAMSa=\mathgroup4
\symAMSb=\mathgroup5
LaTeX Font Info:    Overwriting math alphabet `\mathfrak' in version `bold'
(Font)                  U/euf/m/n --> U/euf/b/n on input line 106.
))
(/usr/share/texlive/texmf-dist/tex/latex/amscls/amsthm.sty
Package: amsthm 2004/08/06 v2.20
\thm@style=\toks15
\thm@bodyfont=\toks16
\thm@headfont=\toks17
\thm@notefont=\toks18
\thm@headpunct=\toks19
\thm@preskip=\skip43
\thm@postskip=\skip44
\thm@headsep=\skip45
\dth@everypar=\toks20
)
(/usr/share/texlive/texmf-dist/tex/latex/amsmath/amsmath.sty
Package: amsmath 2013/01/14 v2.14 AMS math features
\@mathmargin=\skip46

For additional information on amsmath, use the `?' option.
(/usr/share/texlive/texmf-dist/tex/latex/amsmath/amstext.sty
Package: amstext 2000/06/29 v2.01

(/usr/share/texlive/texmf-dist/tex/latex/amsmath/amsgen.sty
File: amsgen.sty 1999/11/30 v2.0
\@emptytoks=\toks21
\ex@=\dimen103
))
(/usr/share/texlive/texmf-dist/tex/latex/amsmath/amsbsy.sty
Package: amsbsy 1999/11/29 v1.2d
\pmbraise@=\dimen104
)
(/usr/share/texlive/texmf-dist/tex/latex/amsmath/amsopn.sty
Package: amsopn 1999/12/14 v2.01 operator names
)
\inf@bad=\count88
LaTeX Info: Redefining \frac on input line 210.
\uproot@=\count89
\leftroot@=\count90
LaTeX Info: Redefining \overline on input line 306.
\classnum@=\count91
\DOTSCASE@=\count92
LaTeX Info: Redefining \ldots on input line 378.
LaTeX Info: Redefining \dots on input line 381.
LaTeX Info: Redefining \cdots on input line 466.
\Mathstrutbox@=\box26
\strutbox@=\box27
\big@size=\dimen105
LaTeX Font Info:    Redeclaring font encoding OML on input line 566.
LaTeX Font Info:    Redeclaring font encoding OMS on input line 567.
\macc@depth=\count93
\c@MaxMatrixCols=\count94
\dotsspace@=\muskip10
\c@parentequation=\count95
\dspbrk@lvl=\count96
\tag@help=\toks22
\row@=\count97
\column@=\count98
\maxfields@=\count99
\andhelp@=\toks23
\eqnshift@=\dimen106
\alignsep@=\dimen107
\tagshift@=\dimen108
\tagwidth@=\dimen109
\totwidth@=\dimen110
\lineht@=\dimen111
\@envbody=\toks24
\multlinegap=\skip47
\multlinetaggap=\skip48
\mathdisplay@stack=\toks25
LaTeX Info: Redefining \[ on input line 2665.
LaTeX Info: Redefining \] on input line 2666.
)
(/usr/share/texlive/texmf-dist/tex/latex/graphics/graphicx.sty
Package: graphicx 1999/02/16 v1.0f Enhanced LaTeX Graphics (DPC,SPQR)

(/usr/share/texlive/texmf-dist/tex/latex/graphics/keyval.sty
Package: keyval 1999/03/16 v1.13 key=value parser (DPC)
\KV@toks@=\toks26
)
(/usr/share/texlive/texmf-dist/tex/latex/graphics/graphics.sty
Package: graphics 2009/02/05 v1.0o Standard LaTeX Graphics (DPC,SPQR)

(/usr/share/texlive/texmf-dist/tex/latex/graphics/trig.sty
Package: trig 1999/03/16 v1.09 sin cos tan (DPC)
)
(/usr/share/texlive/texmf-dist/tex/latex/latexconfig/graphics.cfg
File: graphics.cfg 2010/04/23 v1.9 graphics configuration of TeX Live
)
Package graphics Info: Driver file: pdftex.def on input line 91.

(/usr/share/texlive/texmf-dist/tex/latex/pdftex-def/pdftex.def
File: pdftex.def 2011/05/27 v0.06d Graphics/color for pdfTeX

(/usr/share/texlive/texmf-dist/tex/generic/oberdiek/infwarerr.sty
Package: infwarerr 2010/04/08 v1.3 Providing info/warning/error messages (HO)
)
(/usr/share/texlive/texmf-dist/tex/generic/oberdiek/ltxcmds.sty
Package: ltxcmds 2011/11/09 v1.22 LaTeX kernel commands for general use (HO)
)
\Gread@gobject=\count100
))
\Gin@req@height=\dimen112
\Gin@req@width=\dimen113
)
(/usr/share/texlive/texmf-dist/tex/latex/setspace/setspace.sty
Package: setspace 2011/12/19 v6.7a set line spacing
)
(/usr/share/texlive/texmf-dist/tex/latex/jknapltx/mathrsfs.sty
Package: mathrsfs 1996/01/01 Math RSFS package v1.0 (jk)
\symrsfs=\mathgroup6
)
(/usr/share/texlive/texmf-dist/tex/latex/float/float.sty
Package: float 2001/11/08 v1.3d Float enhancements (AL)
\c@float@type=\count101
\float@exts=\toks27
\float@box=\box28
\@float@everytoks=\toks28
\@floatcapt=\box29
)
\c@definition=\count102
 (./Tesis.aux)
\openout1 = `Tesis.aux'.

LaTeX Font Info:    Checking defaults for OML/cmm/m/it on input line 38.
LaTeX Font Info:    ... okay on input line 38.
LaTeX Font Info:    Checking defaults for T1/cmr/m/n on input line 38.
LaTeX Font Info:    ... okay on input line 38.
LaTeX Font Info:    Checking defaults for OT1/cmr/m/n on input line 38.
LaTeX Font Info:    ... okay on input line 38.
LaTeX Font Info:    Checking defaults for OMS/cmsy/m/n on input line 38.
LaTeX Font Info:    ... okay on input line 38.
LaTeX Font Info:    Checking defaults for OMX/cmex/m/n on input line 38.
LaTeX Font Info:    ... okay on input line 38.
LaTeX Font Info:    Checking defaults for U/cmr/m/n on input line 38.
LaTeX Font Info:    ... okay on input line 38.

(/usr/share/texlive/texmf-dist/tex/context/base/supp-pdf.mkii
[Loading MPS to PDF converter (version 2006.09.02).]
\scratchcounter=\count103
\scratchdimen=\dimen114
\scratchbox=\box30
\nofMPsegments=\count104
\nofMParguments=\count105
\everyMPshowfont=\toks29
\MPscratchCnt=\count106
\MPscratchDim=\dimen115
\MPnumerator=\count107
\makeMPintoPDFobject=\count108
\everyMPtoPDFconversion=\toks30
) (/usr/share/texlive/texmf-dist/tex/generic/oberdiek/pdftexcmds.sty
Package: pdftexcmds 2011/11/29 v0.20 Utility functions of pdfTeX for LuaTeX (HO
)

(/usr/share/texlive/texmf-dist/tex/generic/oberdiek/ifluatex.sty
Package: ifluatex 2010/03/01 v1.3 Provides the ifluatex switch (HO)
Package ifluatex Info: LuaTeX not detected.
)
(/usr/share/texlive/texmf-dist/tex/generic/oberdiek/ifpdf.sty
Package: ifpdf 2011/01/30 v2.3 Provides the ifpdf switch (HO)
Package ifpdf Info: pdfTeX in PDF mode is detected.
)
Package pdftexcmds Info: LuaTeX not detected.
Package pdftexcmds Info: \pdf@primitive is available.
Package pdftexcmds Info: \pdf@ifprimitive is available.
Package pdftexcmds Info: \pdfdraftmode found.
)
(/usr/share/texlive/texmf-dist/tex/latex/oberdiek/epstopdf-base.sty
Package: epstopdf-base 2010/02/09 v2.5 Base part for package epstopdf

(/usr/share/texlive/texmf-dist/tex/latex/oberdiek/grfext.sty
Package: grfext 2010/08/19 v1.1 Manage graphics extensions (HO)

(/usr/share/texlive/texmf-dist/tex/generic/oberdiek/kvdefinekeys.sty
Package: kvdefinekeys 2011/04/07 v1.3 Define keys (HO)
))
(/usr/share/texlive/texmf-dist/tex/latex/oberdiek/kvoptions.sty
Package: kvoptions 2011/06/30 v3.11 Key value format for package options (HO)

(/usr/share/texlive/texmf-dist/tex/generic/oberdiek/kvsetkeys.sty
Package: kvsetkeys 2012/04/25 v1.16 Key value parser (HO)

(/usr/share/texlive/texmf-dist/tex/generic/oberdiek/etexcmds.sty
Package: etexcmds 2011/02/16 v1.5 Avoid name clashes with e-TeX commands (HO)
Package etexcmds Info: Could not find \expanded.
(etexcmds)             That can mean that you are not using pdfTeX 1.50 or
(etexcmds)             that some package has redefined \expanded.
(etexcmds)             In the latter case, load this package earlier.
)))
Package grfext Info: Graphics extension search list:
(grfext)             [.png,.pdf,.jpg,.mps,.jpeg,.jbig2,.jb2,.PNG,.PDF,.JPG,.JPE
G,.JBIG2,.JB2,.eps]
(grfext)             \AppendGraphicsExtensions on input line 452.

(/usr/share/texlive/texmf-dist/tex/latex/latexconfig/epstopdf-sys.cfg
File: epstopdf-sys.cfg 2010/07/13 v1.3 Configuration of (r)epstopdf for TeX Liv
e
))
<log.png, id=1, 319.1925pt x 421.575pt>
File: log.png Graphic file (type png)
 <use log.png>
Package pdftex.def Info: log.png used on input line 44.
(pdftex.def)             Requested size: 159.59586pt x 210.78697pt.

Underfull \vbox (badness 10000) has occurred while \output is active []

 [1

{/usr/share/texlive/texmf/fonts/map/pdftex/updmap/pdftex.map} <./log.png>] [2

]
(./Tesis.toc
LaTeX Font Info:    Try loading font information for U+msa on input line 3.
 (/usr/share/texlive/texmf-dist/tex/latex/amsfonts/umsa.fd
File: umsa.fd 2013/01/14 v3.01 AMS symbols A
)
LaTeX Font Info:    Try loading font information for U+msb on input line 3.

(/usr/share/texlive/texmf-dist/tex/latex/amsfonts/umsb.fd
File: umsb.fd 2013/01/14 v3.01 AMS symbols B
)
LaTeX Font Info:    Try loading font information for U+rsfs on input line 3.

(/usr/share/texlive/texmf-dist/tex/latex/jknapltx/ursfs.fd
File: ursfs.fd 1998/03/24 rsfs font definition file (jk)
))
\tf@toc=\write3
\openout3 = `Tesis.toc'.

 [3] [4

] [5]
[6

]
Chapter 1.
[7] [8

]
Chapter 2.
[9]
Overfull \hbox (12.87354pt too wide) has occurred while \output is active
\OT1/cmr/m/n/12 10 \OT1/cmr/m/sl/12 CHAPTER 2.  THEORETICAL AND COMPUTATIONAL F
RAMEWORK
 []

[10]
Underfull \hbox (badness 10000) in paragraph at lines 145--149

 []

LaTeX Font Info:    Try loading font information for OMS+cmr on input line 159.

(/usr/share/texlive/texmf-dist/tex/latex/base/omscmr.fd
File: omscmr.fd 1999/05/25 v2.5h Standard LaTeX font definitions
)
LaTeX Font Info:    Font shape `OMS/cmr/m/n' in size <12> not available
(Font)              Font shape `OMS/cmsy/m/n' tried instead on input line 159.

Underfull \hbox (badness 10000) in paragraph at lines 176--183

 []

[11]
Overfull \hbox (12.87354pt too wide) has occurred while \output is active
\OT1/cmr/m/n/12 12 \OT1/cmr/m/sl/12 CHAPTER 2.  THEORETICAL AND COMPUTATIONAL F
RAMEWORK
 []

[12] [13]
Underfull \hbox (badness 10000) in paragraph at lines 277--283

 []


Underfull \hbox (badness 10000) in paragraph at lines 284--287

 []


Overfull \hbox (12.87354pt too wide) has occurred while \output is active
\OT1/cmr/m/n/12 14 \OT1/cmr/m/sl/12 CHAPTER 2.  THEORETICAL AND COMPUTATIONAL F
RAMEWORK
 []

[14]
Overfull \hbox (119.32014pt too wide) has occurred while \output is active
\OT1/cmr/m/sl/12 2.1.  DEALING WITH THE COMPUTATIONAL COMPLEXITY OF THE PHYSICA
L MODEL \OT1/cmr/m/n/12 15
 []

[15]
Underfull \hbox (badness 10000) in paragraph at lines 364--367

 []


Overfull \hbox (12.87354pt too wide) has occurred while \output is active
\OT1/cmr/m/n/12 16 \OT1/cmr/m/sl/12 CHAPTER 2.  THEORETICAL AND COMPUTATIONAL F
RAMEWORK
 []

[16]
Underfull \hbox (badness 10000) in paragraph at lines 416--420

 []


Overfull \hbox (119.32014pt too wide) has occurred while \output is active
\OT1/cmr/m/sl/12 2.1.  DEALING WITH THE COMPUTATIONAL COMPLEXITY OF THE PHYSICA
L MODEL \OT1/cmr/m/n/12 17
 []

[17]
Overfull \hbox (19.40398pt too wide) detected at line 477
[][]\OMS/cmsy/m/n/12 j[] ^^X \U/rsfs/m/n/12 N [] \OML/cmm/m/it/12 :
 []


Overfull \hbox (12.87354pt too wide) has occurred while \output is active
\OT1/cmr/m/n/12 18 \OT1/cmr/m/sl/12 CHAPTER 2.  THEORETICAL AND COMPUTATIONAL F
RAMEWORK
 []

[18]
Underfull \hbox (badness 10000) in paragraph at lines 487--488

 []


Overfull \hbox (119.32014pt too wide) has occurred while \output is active
\OT1/cmr/m/sl/12 2.1.  DEALING WITH THE COMPUTATIONAL COMPLEXITY OF THE PHYSICA
L MODEL \OT1/cmr/m/n/12 19
 []

[19]
Underfull \hbox (badness 10000) in paragraph at lines 514--522

 []


Underfull \hbox (badness 10000) in paragraph at lines 526--539

 []


Underfull \hbox (badness 10000) in paragraph at lines 543--557

 []


Overfull \hbox (12.87354pt too wide) has occurred while \output is active
\OT1/cmr/m/n/12 20 \OT1/cmr/m/sl/12 CHAPTER 2.  THEORETICAL AND COMPUTATIONAL F
RAMEWORK
 []

[20]
Underfull \hbox (badness 10000) in paragraph at lines 582--590

 []


Overfull \hbox (119.32014pt too wide) has occurred while \output is active
\OT1/cmr/m/sl/12 2.1.  DEALING WITH THE COMPUTATIONAL COMPLEXITY OF THE PHYSICA
L MODEL \OT1/cmr/m/n/12 21
 []

[21]
Overfull \hbox (12.87354pt too wide) has occurred while \output is active
\OT1/cmr/m/n/12 22 \OT1/cmr/m/sl/12 CHAPTER 2.  THEORETICAL AND COMPUTATIONAL F
RAMEWORK
 []

[22]
Overfull \hbox (79.34001pt too wide) detected at line 629
[][] \OML/cmm/m/it/12 fdx \OT1/cmr/m/n/12 = \OML/cmm/m/it/12 f[] \OT1/cmr/m/n/1
2 + [][] [] \OML/cmm/m/it/12 f[]\OT1/cmr/m/n/12 (\OML/cmm/m/it/12 x[]\OT1/cmr/m
/n/12 ) + [][] [] \OML/cmm/m/it/12 f[]\OT1/cmr/m/n/12 (\OML/cmm/m/it/12 x[]; x[
]\OT1/cmr/m/n/12 )\OML/cmm/m/it/12 dx \OT1/cmr/m/n/12 + [] + [][] \OML/cmm/m/it
/12 f[]\OT1/cmr/m/n/12 (\OML/cmm/m/it/12 x[]; [] ; x[]\OT1/cmr/m/n/12 )\OML/cmm
/m/it/12 dx: \OT1/cmr/m/n/12 = \OML/cmm/m/it/12 f[]:
 []


Overfull \hbox (119.32014pt too wide) has occurred while \output is active
\OT1/cmr/m/sl/12 2.1.  DEALING WITH THE COMPUTATIONAL COMPLEXITY OF THE PHYSICA
L MODEL \OT1/cmr/m/n/12 23
 []

[23]
Overfull \hbox (12.87354pt too wide) has occurred while \output is active
\OT1/cmr/m/n/12 24 \OT1/cmr/m/sl/12 CHAPTER 2.  THEORETICAL AND COMPUTATIONAL F
RAMEWORK
 []

[24]
Overfull \hbox (119.32014pt too wide) has occurred while \output is active
\OT1/cmr/m/sl/12 2.1.  DEALING WITH THE COMPUTATIONAL COMPLEXITY OF THE PHYSICA
L MODEL \OT1/cmr/m/n/12 25
 []

[25]
Overfull \hbox (12.87354pt too wide) has occurred while \output is active
\OT1/cmr/m/n/12 26 \OT1/cmr/m/sl/12 CHAPTER 2.  THEORETICAL AND COMPUTATIONAL F
RAMEWORK
 []

[26

]
Chapter 3.
[27]
Underfull \hbox (badness 10000) in paragraph at lines 762--767

 []

<./FigChap3/solu.jpg, id=113, 570.13pt x 411.5375pt>
File: ./FigChap3/solu.jpg Graphic file (type jpg)
 <use ./FigChap3/solu.jpg>
Package pdftex.def Info: ./FigChap3/solu.jpg used on input line 788.
(pdftex.def)             Requested size: 285.0643pt x 205.76825pt.

Overfull \hbox (12.06956pt too wide) has occurred while \output is active
\OT1/cmr/m/n/12 28 \OT1/cmr/m/sl/12 CHAPTER 3.  TEST PROBLEM: HOW THEORY WORKS 
IN PRACTICE
 []

[28] [29 <./FigChap3/solu.jpg>]
<./FigChap3/fitted.jpg, id=120, 505.89pt x 505.89pt>
File: ./FigChap3/fitted.jpg Graphic file (type jpg)

<use ./FigChap3/fitted.jpg>
Package pdftex.def Info: ./FigChap3/fitted.jpg used on input line 821.
(pdftex.def)             Requested size: 354.12057pt x 354.12057pt.

Overfull \hbox (12.06956pt too wide) has occurred while \output is active
\OT1/cmr/m/n/12 30 \OT1/cmr/m/sl/12 CHAPTER 3.  TEST PROBLEM: HOW THEORY WORKS 
IN PRACTICE
 []

[30 <./FigChap3/fitted.jpg>]
<./FigChap3/prior_posterior.jpg, id=124, 504.9264pt x 505.1673pt>
File: ./FigChap3/prior_posterior.jpg Graphic file (type jpg)

<use ./FigChap3/prior_posterior.jpg>
Package pdftex.def Info: ./FigChap3/prior_posterior.jpg used on input line 876.

(pdftex.def)             Requested size: 403.94167pt x 404.13438pt.

Overfull \hbox (13.94167pt too wide) in paragraph at lines 876--877
 [][] 
 []

[31]
Overfull \hbox (12.06956pt too wide) has occurred while \output is active
\OT1/cmr/m/n/12 32 \OT1/cmr/m/sl/12 CHAPTER 3.  TEST PROBLEM: HOW THEORY WORKS 
IN PRACTICE
 []

[32 <./FigChap3/prior_posterior.jpg>]
<./FigChap3/histogram_mcmc.jpg, id=132, 505.89pt x 505.89pt>
File: ./FigChap3/histogram_mcmc.jpg Graphic file (type jpg)

<use ./FigChap3/histogram_mcmc.jpg>
Package pdftex.def Info: ./FigChap3/histogram_mcmc.jpg used on input line 897.
(pdftex.def)             Requested size: 404.71254pt x 404.71254pt.

Overfull \hbox (14.71254pt too wide) in paragraph at lines 897--898
 [][] 
 []


Underfull \vbox (badness 1596) has occurred while \output is active []

 [33 <./FigChap3/histogram_mcmc.jpg>]
<./FigChap3/posterior_evolution.jpg, id=136, 504.9264pt x 505.1673pt>
File: ./FigChap3/posterior_evolution.jpg Graphic file (type jpg)

<use ./FigChap3/posterior_evolution.jpg>
Package pdftex.def Info: ./FigChap3/posterior_evolution.jpg used on input line 
932.
(pdftex.def)             Requested size: 353.44608pt x 353.6147pt.
 (./Tesis.bbl
Underfull \vbox (badness 10000) has occurred while \output is active []


Overfull \hbox (12.06956pt too wide) has occurred while \output is active
\OT1/cmr/m/n/12 34 \OT1/cmr/m/sl/12 CHAPTER 3.  TEST PROBLEM: HOW THEORY WORKS 
IN PRACTICE
 []

[34] [35 <./FigChap3/posterior_evolution.jpg>]
Overfull \hbox (12.06956pt too wide) has occurred while \output is active
\OT1/cmr/m/n/12 36 \OT1/cmr/m/sl/12 CHAPTER 3.  TEST PROBLEM: HOW THEORY WORKS 
IN PRACTICE
 []

[36

]
Missing character: There is no â in font cmr12!
Missing character: There is no € in font cmr12!
Missing character: There is no ™ in font cmr12!
 [37]) [38] (./Tesis.aux) ) 
Here is how much of TeX's memory you used:
 2797 strings out of 495063
 37189 string characters out of 3182202
 93554 words of memory out of 3000000
 5906 multiletter control sequences out of 15000+200000
 15651 words of font info for 61 fonts, out of 3000000 for 9000
 14 hyphenation exceptions out of 8191
 37i,12n,26p,411b,222s stack positions out of 5000i,500n,10000p,200000b,50000s
</usr/share/texlive/texmf-dist/fonts/type1/public/am
sfonts/cm/cmbx12.pfb></usr/share/texlive/texmf-dist/fonts/type1/public/amsfonts
/cm/cmbx8.pfb></usr/share/texlive/texmf-dist/fonts/type1/public/amsfonts/cm/cme
x10.pfb></usr/share/texlive/texmf-dist/fonts/type1/public/amsfonts/cm/cmmi10.pf
b></usr/share/texlive/texmf-dist/fonts/type1/public/amsfonts/cm/cmmi12.pfb></us
r/share/texlive/texmf-dist/fonts/type1/public/amsfonts/cm/cmmi5.pfb></usr/share
/texlive/texmf-dist/fonts/type1/public/amsfonts/cm/cmmi6.pfb></usr/share/texliv
e/texmf-dist/fonts/type1/public/amsfonts/cm/cmmi7.pfb></usr/share/texlive/texmf
-dist/fonts/type1/public/amsfonts/cm/cmmi8.pfb></usr/share/texlive/texmf-dist/f
onts/type1/public/amsfonts/cm/cmr10.pfb></usr/share/texlive/texmf-dist/fonts/ty
pe1/public/amsfonts/cm/cmr12.pfb></usr/share/texlive/texmf-dist/fonts/type1/pub
lic/amsfonts/cm/cmr6.pfb></usr/share/texlive/texmf-dist/fonts/type1/public/amsf
onts/cm/cmr7.pfb></usr/share/texlive/texmf-dist/fonts/type1/public/amsfonts/cm/
cmr8.pfb></usr/share/texlive/texmf-dist/fonts/type1/public/amsfonts/cm/cmsl12.p
fb></usr/share/texlive/texmf-dist/fonts/type1/public/amsfonts/cm/cmsy10.pfb></u
sr/share/texlive/texmf-dist/fonts/type1/public/amsfonts/cm/cmsy6.pfb></usr/shar
e/texlive/texmf-dist/fonts/type1/public/amsfonts/cm/cmsy7.pfb></usr/share/texli
ve/texmf-dist/fonts/type1/public/amsfonts/cm/cmsy8.pfb></usr/share/texlive/texm
f-dist/fonts/type1/public/amsfonts/cm/cmti12.pfb></usr/share/texlive/texmf-dist
/fonts/type1/public/amsfonts/symbols/msbm10.pfb></usr/share/texlive/texmf-dist/
fonts/type1/public/rsfs/rsfs10.pfb>
Output written on Tesis.pdf (38 pages, 1282595 bytes).
PDF statistics:
 225 PDF objects out of 1000 (max. 8388607)
 154 compressed objects within 2 object streams
 0 named destinations out of 1000 (max. 500000)
 31 words of extra memory for PDF output out of 10000 (max. 10000000)

