This is pdfTeX, Version 3.14159265-2.6-1.40.15 (TeX Live 2015/dev/Debian) (preloaded format=pdflatex 2015.7.20)  23 JAN 2018 20:28
entering extended mode
 restricted \write18 enabled.
 %&-line parsing enabled.
**Thesis.tex
(./Thesis.tex
LaTeX2e <2014/05/01>
Babel <3.9l> and hyphenation patterns for 4 languages loaded.
(./sfuthesis.cls
Document Class: sfuthesis 2017/01/01 v2.2.0 SFU Thesis/Dissertation Template
(/usr/share/texlive/texmf-dist/tex/latex/etoolbox/etoolbox.sty
Package: etoolbox 2011/01/03 v2.1 e-TeX tools for LaTeX

(/usr/share/texlive/texmf-dist/tex/latex/etex-pkg/etex.sty
Package: etex 1998/03/26 v2.0 eTeX basic definition package (PEB)
\et@xins=\count79
)
\etb@tempcnta=\count80
)
(/usr/share/texlive/texmf-dist/tex/latex/base/book.cls
Document Class: book 2014/09/29 v1.4h Standard LaTeX document class
(/usr/share/texlive/texmf-dist/tex/latex/base/bk11.clo
File: bk11.clo 2014/09/29 v1.4h Standard LaTeX file (size option)
)
\c@part=\count81
\c@chapter=\count82
\c@section=\count83
\c@subsection=\count84
\c@subsubsection=\count85
\c@paragraph=\count86
\c@subparagraph=\count87
\c@figure=\count88
\c@table=\count89
\abovecaptionskip=\skip41
\belowcaptionskip=\skip42
\bibindent=\dimen102
)
(/usr/share/texmf/tex/latex/lm/lmodern.sty
Package: lmodern 2009/10/30 v1.6 Latin Modern Fonts
LaTeX Font Info:    Overwriting symbol font `operators' in version `normal'
(Font)                  OT1/cmr/m/n --> OT1/lmr/m/n on input line 22.
LaTeX Font Info:    Overwriting symbol font `letters' in version `normal'
(Font)                  OML/cmm/m/it --> OML/lmm/m/it on input line 23.
LaTeX Font Info:    Overwriting symbol font `symbols' in version `normal'
(Font)                  OMS/cmsy/m/n --> OMS/lmsy/m/n on input line 24.
LaTeX Font Info:    Overwriting symbol font `largesymbols' in version `normal'
(Font)                  OMX/cmex/m/n --> OMX/lmex/m/n on input line 25.
LaTeX Font Info:    Overwriting symbol font `operators' in version `bold'
(Font)                  OT1/cmr/bx/n --> OT1/lmr/bx/n on input line 26.
LaTeX Font Info:    Overwriting symbol font `letters' in version `bold'
(Font)                  OML/cmm/b/it --> OML/lmm/b/it on input line 27.
LaTeX Font Info:    Overwriting symbol font `symbols' in version `bold'
(Font)                  OMS/cmsy/b/n --> OMS/lmsy/b/n on input line 28.
LaTeX Font Info:    Overwriting symbol font `largesymbols' in version `bold'
(Font)                  OMX/cmex/m/n --> OMX/lmex/m/n on input line 29.
LaTeX Font Info:    Overwriting math alphabet `\mathbf' in version `normal'
(Font)                  OT1/cmr/bx/n --> OT1/lmr/bx/n on input line 31.
LaTeX Font Info:    Overwriting math alphabet `\mathsf' in version `normal'
(Font)                  OT1/cmss/m/n --> OT1/lmss/m/n on input line 32.
LaTeX Font Info:    Overwriting math alphabet `\mathit' in version `normal'
(Font)                  OT1/cmr/m/it --> OT1/lmr/m/it on input line 33.
LaTeX Font Info:    Overwriting math alphabet `\mathtt' in version `normal'
(Font)                  OT1/cmtt/m/n --> OT1/lmtt/m/n on input line 34.
LaTeX Font Info:    Overwriting math alphabet `\mathbf' in version `bold'
(Font)                  OT1/cmr/bx/n --> OT1/lmr/bx/n on input line 35.
LaTeX Font Info:    Overwriting math alphabet `\mathsf' in version `bold'
(Font)                  OT1/cmss/bx/n --> OT1/lmss/bx/n on input line 36.
LaTeX Font Info:    Overwriting math alphabet `\mathit' in version `bold'
(Font)                  OT1/cmr/bx/it --> OT1/lmr/bx/it on input line 37.
LaTeX Font Info:    Overwriting math alphabet `\mathtt' in version `bold'
(Font)                  OT1/cmtt/m/n --> OT1/lmtt/m/n on input line 38.
)
(/usr/share/texlive/texmf-dist/tex/latex/base/fontenc.sty
Package: fontenc 2005/09/27 v1.99g Standard LaTeX package

(/usr/share/texlive/texmf-dist/tex/latex/base/t1enc.def
File: t1enc.def 2005/09/27 v1.99g Standard LaTeX file
LaTeX Font Info:    Redeclaring font encoding T1 on input line 43.
))
(/usr/share/texlive/texmf-dist/tex/latex/geometry/geometry.sty
Package: geometry 2010/09/12 v5.6 Page Geometry

(/usr/share/texlive/texmf-dist/tex/latex/graphics/keyval.sty
Package: keyval 2014/05/08 v1.15 key=value parser (DPC)
\KV@toks@=\toks14
)
(/usr/share/texlive/texmf-dist/tex/generic/oberdiek/ifpdf.sty
Package: ifpdf 2011/01/30 v2.3 Provides the ifpdf switch (HO)
Package ifpdf Info: pdfTeX in PDF mode is detected.
)
(/usr/share/texlive/texmf-dist/tex/generic/oberdiek/ifvtex.sty
Package: ifvtex 2010/03/01 v1.5 Detect VTeX and its facilities (HO)
Package ifvtex Info: VTeX not detected.
)
(/usr/share/texlive/texmf-dist/tex/generic/ifxetex/ifxetex.sty
Package: ifxetex 2010/09/12 v0.6 Provides ifxetex conditional
)
\Gm@cnth=\count90
\Gm@cntv=\count91
\c@Gm@tempcnt=\count92
\Gm@bindingoffset=\dimen103
\Gm@wd@mp=\dimen104
\Gm@odd@mp=\dimen105
\Gm@even@mp=\dimen106
\Gm@layoutwidth=\dimen107
\Gm@layoutheight=\dimen108
\Gm@layouthoffset=\dimen109
\Gm@layoutvoffset=\dimen110
\Gm@dimlist=\toks15
)
*geometry* verbose mode - [ newgeometry ] result:
* driver: 
* paper: <default>
* layout: <same size as paper>
* layoutoffset:(h,v)=(0.0pt,0.0pt)
* modes: includefoot 
* h-part:(L,W,R)=(90.3375pt, 433.62001pt, 90.3375pt)
* v-part:(T,H,B)=(72.26999pt, 672.11122pt, 50.58878pt)
* \paperwidth=614.295pt
* \paperheight=794.96999pt
* \textwidth=433.62001pt
* \textheight=644.64827pt
* \oddsidemargin=18.0675pt
* \evensidemargin=18.0675pt
* \topmargin=-31.8738pt
* \headheight=12.0pt
* \headsep=19.8738pt
* \topskip=11.0pt
* \footskip=27.46295pt
* \marginparwidth=62.0pt
* \marginparsep=7.0pt
* \columnsep=10.0pt
* \skip\footins=10.0pt plus 4.0pt minus 2.0pt
* \hoffset=0.0pt
* \voffset=0.0pt
* \mag=1000
* \@twocolumnfalse
* \@twosidefalse
* \@mparswitchfalse
* \@reversemarginfalse
* (1in=72.27pt=25.4mm, 1cm=28.453pt)


(/usr/share/texlive/texmf-dist/tex/latex/setspace/setspace.sty
Package: setspace 2011/12/19 v6.7a set line spacing
)
(/usr/share/texlive/texmf-dist/tex/latex/nowidow/nowidow.sty
Package: nowidow 2011/09/20 1.0 Easily prevent widows and orphans
Package: nowidow 

(/usr/share/texlive/texmf-dist/tex/latex/oberdiek/kvoptions.sty
Package: kvoptions 2011/06/30 v3.11 Key value format for package options (HO)

(/usr/share/texlive/texmf-dist/tex/generic/oberdiek/ltxcmds.sty
Package: ltxcmds 2011/11/09 v1.22 LaTeX kernel commands for general use (HO)
)
(/usr/share/texlive/texmf-dist/tex/generic/oberdiek/kvsetkeys.sty
Package: kvsetkeys 2012/04/25 v1.16 Key value parser (HO)

(/usr/share/texlive/texmf-dist/tex/generic/oberdiek/infwarerr.sty
Package: infwarerr 2010/04/08 v1.3 Providing info/warning/error messages (HO)
)
(/usr/share/texlive/texmf-dist/tex/generic/oberdiek/etexcmds.sty
Package: etexcmds 2011/02/16 v1.5 Avoid name clashes with e-TeX commands (HO)

(/usr/share/texlive/texmf-dist/tex/generic/oberdiek/ifluatex.sty
Package: ifluatex 2010/03/01 v1.3 Provides the ifluatex switch (HO)
Package ifluatex Info: LuaTeX not detected.
)
Package etexcmds Info: Could not find \expanded.
(etexcmds)             That can mean that you are not using pdfTeX 1.50 or
(etexcmds)             that some package has redefined \expanded.
(etexcmds)             In the latter case, load this package earlier.
))))
(/usr/share/texlive/texmf-dist/tex/latex/tocloft/tocloft.sty
Package: tocloft 2013/05/02 v2.3f parameterised ToC, etc., typesetting
Package tocloft Info: The document has chapter divisions on input line 44.
\cftparskip=\skip43
\cftbeforetoctitleskip=\skip44
\cftaftertoctitleskip=\skip45
\cftbeforepartskip=\skip46
\cftpartnumwidth=\skip47
\cftpartindent=\skip48
\cftbeforechapskip=\skip49
\cftchapindent=\skip50
\cftchapnumwidth=\skip51
\cftbeforesecskip=\skip52
\cftsecindent=\skip53
\cftsecnumwidth=\skip54
\cftbeforesubsecskip=\skip55
\cftsubsecindent=\skip56
\cftsubsecnumwidth=\skip57
\cftbeforesubsubsecskip=\skip58
\cftsubsubsecindent=\skip59
\cftsubsubsecnumwidth=\skip60
\cftbeforeparaskip=\skip61
\cftparaindent=\skip62
\cftparanumwidth=\skip63
\cftbeforesubparaskip=\skip64
\cftsubparaindent=\skip65
\cftsubparanumwidth=\skip66
\cftbeforeloftitleskip=\skip67
\cftafterloftitleskip=\skip68
\cftbeforefigskip=\skip69
\cftfigindent=\skip70
\cftfignumwidth=\skip71
\c@lofdepth=\count93
\c@lotdepth=\count94
\cftbeforelottitleskip=\skip72
\cftafterlottitleskip=\skip73
\cftbeforetabskip=\skip74
\cfttabindent=\skip75
\cfttabnumwidth=\skip76
)
(/usr/share/texlive/texmf-dist/tex/latex/appendix/appendix.sty
Package: appendix 2009/09/02 v1.2b extra appendix facilities
\c@@pps=\count95
\c@@ppsavesec=\count96
\c@@ppsaveapp=\count97
))
(/usr/share/texlive/texmf-dist/tex/latex/amsmath/amsmath.sty
Package: amsmath 2013/01/14 v2.14 AMS math features
\@mathmargin=\skip77

For additional information on amsmath, use the `?' option.
(/usr/share/texlive/texmf-dist/tex/latex/amsmath/amstext.sty
Package: amstext 2000/06/29 v2.01

(/usr/share/texlive/texmf-dist/tex/latex/amsmath/amsgen.sty
File: amsgen.sty 1999/11/30 v2.0
\@emptytoks=\toks16
\ex@=\dimen111
))
(/usr/share/texlive/texmf-dist/tex/latex/amsmath/amsbsy.sty
Package: amsbsy 1999/11/29 v1.2d
\pmbraise@=\dimen112
)
(/usr/share/texlive/texmf-dist/tex/latex/amsmath/amsopn.sty
Package: amsopn 1999/12/14 v2.01 operator names
)
\inf@bad=\count98
LaTeX Info: Redefining \frac on input line 210.
\uproot@=\count99
\leftroot@=\count100
LaTeX Info: Redefining \overline on input line 306.
\classnum@=\count101
\DOTSCASE@=\count102
LaTeX Info: Redefining \ldots on input line 378.
LaTeX Info: Redefining \dots on input line 381.
LaTeX Info: Redefining \cdots on input line 466.
\Mathstrutbox@=\box26
\strutbox@=\box27
\big@size=\dimen113
LaTeX Font Info:    Redeclaring font encoding OML on input line 566.
LaTeX Font Info:    Redeclaring font encoding OMS on input line 567.
\macc@depth=\count103
\c@MaxMatrixCols=\count104
\dotsspace@=\muskip10
\c@parentequation=\count105
\dspbrk@lvl=\count106
\tag@help=\toks17
\row@=\count107
\column@=\count108
\maxfields@=\count109
\andhelp@=\toks18
\eqnshift@=\dimen114
\alignsep@=\dimen115
\tagshift@=\dimen116
\tagwidth@=\dimen117
\totwidth@=\dimen118
\lineht@=\dimen119
\@envbody=\toks19
\multlinegap=\skip78
\multlinetaggap=\skip79
\mathdisplay@stack=\toks20
LaTeX Info: Redefining \[ on input line 2665.
LaTeX Info: Redefining \] on input line 2666.
)
(/usr/share/texlive/texmf-dist/tex/latex/amsfonts/amssymb.sty
Package: amssymb 2013/01/14 v3.01 AMS font symbols

(/usr/share/texlive/texmf-dist/tex/latex/amsfonts/amsfonts.sty
Package: amsfonts 2013/01/14 v3.01 Basic AMSFonts support
\symAMSa=\mathgroup4
\symAMSb=\mathgroup5
LaTeX Font Info:    Overwriting math alphabet `\mathfrak' in version `bold'
(Font)                  U/euf/m/n --> U/euf/b/n on input line 106.
))
(/usr/share/texlive/texmf-dist/tex/latex/amscls/amsthm.sty
Package: amsthm 2009/07/02 v2.20.1
\thm@style=\toks21
\thm@bodyfont=\toks22
\thm@headfont=\toks23
\thm@notefont=\toks24
\thm@headpunct=\toks25
\thm@preskip=\skip80
\thm@postskip=\skip81
\thm@headsep=\skip82
\dth@everypar=\toks26
)
(/usr/share/texlive/texmf-dist/tex/latex/graphics/graphicx.sty
Package: graphicx 2014/04/25 v1.0g Enhanced LaTeX Graphics (DPC,SPQR)

(/usr/share/texlive/texmf-dist/tex/latex/graphics/graphics.sty
Package: graphics 2009/02/05 v1.0o Standard LaTeX Graphics (DPC,SPQR)

(/usr/share/texlive/texmf-dist/tex/latex/graphics/trig.sty
Package: trig 1999/03/16 v1.09 sin cos tan (DPC)
)
(/usr/share/texlive/texmf-dist/tex/latex/latexconfig/graphics.cfg
File: graphics.cfg 2010/04/23 v1.9 graphics configuration of TeX Live
)
Package graphics Info: Driver file: pdftex.def on input line 91.

(/usr/share/texlive/texmf-dist/tex/latex/pdftex-def/pdftex.def
File: pdftex.def 2011/05/27 v0.06d Graphics/color for pdfTeX
\Gread@gobject=\count110
))
\Gin@req@height=\dimen120
\Gin@req@width=\dimen121
)
(/usr/share/texlive/texmf-dist/tex/latex/hyperref/hyperref.sty
Package: hyperref 2012/11/06 v6.83m Hypertext links for LaTeX

(/usr/share/texlive/texmf-dist/tex/generic/oberdiek/hobsub-hyperref.sty
Package: hobsub-hyperref 2012/05/28 v1.13 Bundle oberdiek, subset hyperref (HO)


(/usr/share/texlive/texmf-dist/tex/generic/oberdiek/hobsub-generic.sty
Package: hobsub-generic 2012/05/28 v1.13 Bundle oberdiek, subset generic (HO)
Package: hobsub 2012/05/28 v1.13 Construct package bundles (HO)
Package hobsub Info: Skipping package `infwarerr' (already loaded).
Package hobsub Info: Skipping package `ltxcmds' (already loaded).
Package hobsub Info: Skipping package `ifluatex' (already loaded).
Package hobsub Info: Skipping package `ifvtex' (already loaded).
Package: intcalc 2007/09/27 v1.1 Expandable calculations with integers (HO)
Package hobsub Info: Skipping package `ifpdf' (already loaded).
Package hobsub Info: Skipping package `etexcmds' (already loaded).
Package hobsub Info: Skipping package `kvsetkeys' (already loaded).
Package: kvdefinekeys 2011/04/07 v1.3 Define keys (HO)
Package: pdftexcmds 2011/11/29 v0.20 Utility functions of pdfTeX for LuaTeX (HO
)
Package pdftexcmds Info: LuaTeX not detected.
Package pdftexcmds Info: \pdf@primitive is available.
Package pdftexcmds Info: \pdf@ifprimitive is available.
Package pdftexcmds Info: \pdfdraftmode found.
Package: pdfescape 2011/11/25 v1.13 Implements pdfTeX's escape features (HO)
Package: bigintcalc 2012/04/08 v1.3 Expandable calculations on big integers (HO
)
Package: bitset 2011/01/30 v1.1 Handle bit-vector datatype (HO)
Package: uniquecounter 2011/01/30 v1.2 Provide unlimited unique counter (HO)
)
Package hobsub Info: Skipping package `hobsub' (already loaded).
Package: letltxmacro 2010/09/02 v1.4 Let assignment for LaTeX macros (HO)
Package: hopatch 2012/05/28 v1.2 Wrapper for package hooks (HO)
Package: xcolor-patch 2011/01/30 xcolor patch
Package: atveryend 2011/06/30 v1.8 Hooks at the very end of document (HO)
Package: atbegshi 2011/10/05 v1.16 At begin shipout hook (HO)
Package: refcount 2011/10/16 v3.4 Data extraction from label references (HO)
Package: hycolor 2011/01/30 v1.7 Color options for hyperref/bookmark (HO)
)
(/usr/share/texlive/texmf-dist/tex/latex/oberdiek/auxhook.sty
Package: auxhook 2011/03/04 v1.3 Hooks for auxiliary files (HO)
)
\@linkdim=\dimen122
\Hy@linkcounter=\count111
\Hy@pagecounter=\count112

(/usr/share/texlive/texmf-dist/tex/latex/hyperref/pd1enc.def
File: pd1enc.def 2012/11/06 v6.83m Hyperref: PDFDocEncoding definition (HO)
)
\Hy@SavedSpaceFactor=\count113

(/usr/share/texlive/texmf-dist/tex/latex/latexconfig/hyperref.cfg
File: hyperref.cfg 2002/06/06 v1.2 hyperref configuration of TeXLive
)
Package hyperref Info: Hyper figures OFF on input line 4443.
Package hyperref Info: Link nesting OFF on input line 4448.
Package hyperref Info: Hyper index ON on input line 4451.
Package hyperref Info: Plain pages OFF on input line 4458.
Package hyperref Info: Backreferencing OFF on input line 4463.
Package hyperref Info: Implicit mode ON; LaTeX internals redefined.
Package hyperref Info: Bookmarks ON on input line 4688.
\c@Hy@tempcnt=\count114

(/usr/share/texlive/texmf-dist/tex/latex/url/url.sty
\Urlmuskip=\muskip11
Package: url 2013/09/16  ver 3.4  Verb mode for urls, etc.
)
LaTeX Info: Redefining \url on input line 5041.
\XeTeXLinkMargin=\dimen123
\Fld@menulength=\count115
\Field@Width=\dimen124
\Fld@charsize=\dimen125
Package hyperref Info: Hyper figures OFF on input line 6295.
Package hyperref Info: Link nesting OFF on input line 6300.
Package hyperref Info: Hyper index ON on input line 6303.
Package hyperref Info: backreferencing OFF on input line 6310.
Package hyperref Info: Link coloring OFF on input line 6315.
Package hyperref Info: Link coloring with OCG OFF on input line 6320.
Package hyperref Info: PDF/A mode OFF on input line 6325.
LaTeX Info: Redefining \ref on input line 6365.
LaTeX Info: Redefining \pageref on input line 6369.
\Hy@abspage=\count116
\c@Item=\count117
\c@Hfootnote=\count118
)

Package hyperref Message: Driver (autodetected): hpdftex.

(/usr/share/texlive/texmf-dist/tex/latex/hyperref/hpdftex.def
File: hpdftex.def 2012/11/06 v6.83m Hyperref driver for pdfTeX
\Fld@listcount=\count119
\c@bookmark@seq@number=\count120

(/usr/share/texlive/texmf-dist/tex/latex/oberdiek/rerunfilecheck.sty
Package: rerunfilecheck 2011/04/15 v1.7 Rerun checks for auxiliary files (HO)
Package uniquecounter Info: New unique counter `rerunfilecheck' on input line 2
82.
)
\Hy@SectionHShift=\skip83
)
(/usr/share/texlive/texmf-dist/tex/latex/jknapltx/mathrsfs.sty
Package: mathrsfs 1996/01/01 Math RSFS package v1.0 (jk)
\symrsfs=\mathgroup6
)
(/usr/share/texlive/texmf-dist/tex/latex/float/float.sty
Package: float 2001/11/08 v1.3d Float enhancements (AL)
\c@float@type=\count121
\float@exts=\toks27
\float@box=\box28
\@float@everytoks=\toks28
\@floatcapt=\box29
)
(/usr/share/texlive/texmf-dist/tex/latex/pbox/pbox.sty
Package: pbox 2011/12/07 v1.2 Dynamic parboxes

(/usr/share/texlive/texmf-dist/tex/latex/tools/calc.sty
Package: calc 2014/10/28 v4.3 Infix arithmetic (KKT,FJ)
\calc@Acount=\count122
\calc@Bcount=\count123
\calc@Adimen=\dimen126
\calc@Bdimen=\dimen127
\calc@Askip=\skip84
\calc@Bskip=\skip85
LaTeX Info: Redefining \setlength on input line 75.
LaTeX Info: Redefining \addtolength on input line 76.
\calc@Ccount=\count124
\calc@Cskip=\skip86
)
(/usr/share/texlive/texmf-dist/tex/latex/base/ifthen.sty
Package: ifthen 2014/09/29 v1.1c Standard LaTeX ifthen package (DPC)
)
\pb@xlen=\skip87
)
(/usr/share/texlive/texmf-dist/tex/latex/algorithms/algorithm.sty
Package: algorithm 2009/08/24 v0.1 Document Style `algorithm' - floating enviro
nment
\@float@every@algorithm=\toks29
\c@algorithm=\count125
)
(/usr/share/texlive/texmf-dist/tex/latex/algorithmicx/algpseudocode.sty
Package: algpseudocode 

(/usr/share/texlive/texmf-dist/tex/latex/algorithmicx/algorithmicx.sty
Package: algorithmicx 2005/04/27 v1.2 Algorithmicx

Document Style algorithmicx 1.2 - a greatly improved `algorithmic' style
\c@ALG@line=\count126
\c@ALG@rem=\count127
\c@ALG@nested=\count128
\ALG@tlm=\skip88
\ALG@thistlm=\skip89
\c@ALG@Lnr=\count129
\c@ALG@blocknr=\count130
\c@ALG@storecount=\count131
\c@ALG@tmpcounter=\count132
\ALG@tmplength=\skip90
)
Document Style - pseudocode environments for use with the `algorithmicx' style
)
\c@definition=\count133
 (./Thesis.aux

LaTeX Warning: Label `algMH' multiply defined.


LaTeX Warning: Label `figHistograms' multiply defined.

)
\openout1 = `Thesis.aux'.

LaTeX Font Info:    Checking defaults for OML/cmm/m/it on input line 200.
LaTeX Font Info:    ... okay on input line 200.
LaTeX Font Info:    Checking defaults for T1/cmr/m/n on input line 200.
LaTeX Font Info:    ... okay on input line 200.
LaTeX Font Info:    Checking defaults for OT1/cmr/m/n on input line 200.
LaTeX Font Info:    ... okay on input line 200.
LaTeX Font Info:    Checking defaults for OMS/cmsy/m/n on input line 200.
LaTeX Font Info:    ... okay on input line 200.
LaTeX Font Info:    Checking defaults for OMX/cmex/m/n on input line 200.
LaTeX Font Info:    ... okay on input line 200.
LaTeX Font Info:    Checking defaults for U/cmr/m/n on input line 200.
LaTeX Font Info:    ... okay on input line 200.
LaTeX Font Info:    Checking defaults for PD1/pdf/m/n on input line 200.
LaTeX Font Info:    ... okay on input line 200.
LaTeX Font Info:    Try loading font information for T1+lmr on input line 200.
 (/usr/share/texmf/tex/latex/lm/t1lmr.fd
File: t1lmr.fd 2009/10/30 v1.6 Font defs for Latin Modern
)
*geometry* driver: auto-detecting
*geometry* detected driver: pdftex
*geometry* verbose mode - [ preamble ] result:
* driver: pdftex
* paper: <default>
* layout: <same size as paper>
* layoutoffset:(h,v)=(0.0pt,0.0pt)
* modes: includefoot 
* h-part:(L,W,R)=(90.3375pt, 433.62001pt, 90.3375pt)
* v-part:(T,H,B)=(72.26999pt, 672.11122pt, 50.58878pt)
* \paperwidth=614.295pt
* \paperheight=794.96999pt
* \textwidth=433.62001pt
* \textheight=644.64827pt
* \oddsidemargin=18.0675pt
* \evensidemargin=18.0675pt
* \topmargin=-31.8738pt
* \headheight=12.0pt
* \headsep=19.8738pt
* \topskip=11.0pt
* \footskip=27.46295pt
* \marginparwidth=62.0pt
* \marginparsep=7.0pt
* \columnsep=10.0pt
* \skip\footins=16.49677pt
* \hoffset=0.0pt
* \voffset=0.0pt
* \mag=1000
* \@twocolumnfalse
* \@twosidefalse
* \@mparswitchfalse
* \@reversemarginfalse
* (1in=72.27pt=25.4mm, 1cm=28.453pt)

(/usr/share/texlive/texmf-dist/tex/context/base/supp-pdf.mkii
[Loading MPS to PDF converter (version 2006.09.02).]
\scratchcounter=\count134
\scratchdimen=\dimen128
\scratchbox=\box30
\nofMPsegments=\count135
\nofMParguments=\count136
\everyMPshowfont=\toks30
\MPscratchCnt=\count137
\MPscratchDim=\dimen129
\MPnumerator=\count138
\makeMPintoPDFobject=\count139
\everyMPtoPDFconversion=\toks31
) (/usr/share/texlive/texmf-dist/tex/latex/oberdiek/epstopdf-base.sty
Package: epstopdf-base 2010/02/09 v2.5 Base part for package epstopdf

(/usr/share/texlive/texmf-dist/tex/latex/oberdiek/grfext.sty
Package: grfext 2010/08/19 v1.1 Manage graphics extensions (HO)
)
Package grfext Info: Graphics extension search list:
(grfext)             [.png,.pdf,.jpg,.mps,.jpeg,.jbig2,.jb2,.PNG,.PDF,.JPG,.JPE
G,.JBIG2,.JB2,.eps]
(grfext)             \AppendGraphicsExtensions on input line 452.

(/usr/share/texlive/texmf-dist/tex/latex/latexconfig/epstopdf-sys.cfg
File: epstopdf-sys.cfg 2010/07/13 v1.3 Configuration of (r)epstopdf for TeX Liv
e
))
\AtBeginShipoutBox=\box31
Package hyperref Info: Link coloring OFF on input line 200.

(/usr/share/texlive/texmf-dist/tex/latex/hyperref/nameref.sty
Package: nameref 2012/10/27 v2.43 Cross-referencing by name of section

(/usr/share/texlive/texmf-dist/tex/generic/oberdiek/gettitlestring.sty
Package: gettitlestring 2010/12/03 v1.4 Cleanup title references (HO)
)
\c@section@level=\count140
)
LaTeX Info: Redefining \ref on input line 200.
LaTeX Info: Redefining \pageref on input line 200.
LaTeX Info: Redefining \nameref on input line 200.

(./Thesis.out) (./Thesis.out)
\@outlinefile=\write3
\openout3 = `Thesis.out'.

LaTeX Font Info:    Try loading font information for OMS+lmr on input line 203.

 (/usr/share/texmf/tex/latex/lm/omslmr.fd
File: omslmr.fd 2009/10/30 v1.6 Font defs for Latin Modern
)
LaTeX Font Info:    Try loading font information for OMS+lmsy on input line 203
.

(/usr/share/texmf/tex/latex/lm/omslmsy.fd
File: omslmsy.fd 2009/10/30 v1.6 Font defs for Latin Modern
)
LaTeX Font Info:    Font shape `OMS/lmr/bx/n' in size <10.95> not available
(Font)              Font shape `OMS/lmsy/b/n' tried instead on input line 203.
LaTeX Font Info:    Try loading font information for OT1+lmr on input line 203.


(/usr/share/texmf/tex/latex/lm/ot1lmr.fd
File: ot1lmr.fd 2009/10/30 v1.6 Font defs for Latin Modern
)
LaTeX Font Info:    Try loading font information for OML+lmm on input line 203.


(/usr/share/texmf/tex/latex/lm/omllmm.fd
File: omllmm.fd 2009/10/30 v1.6 Font defs for Latin Modern
)
LaTeX Font Info:    Try loading font information for OMX+lmex on input line 203
.

(/usr/share/texmf/tex/latex/lm/omxlmex.fd
File: omxlmex.fd 2009/10/30 v1.6 Font defs for Latin Modern
)
LaTeX Font Info:    External font `lmex10' loaded for size
(Font)              <10.95> on input line 203.
LaTeX Font Info:    External font `lmex10' loaded for size
(Font)              <8> on input line 203.
LaTeX Font Info:    External font `lmex10' loaded for size
(Font)              <6> on input line 203.
LaTeX Font Info:    Try loading font information for U+msa on input line 203.

(/usr/share/texlive/texmf-dist/tex/latex/amsfonts/umsa.fd
File: umsa.fd 2013/01/14 v3.01 AMS symbols A
)
LaTeX Font Info:    Try loading font information for U+msb on input line 203.

(/usr/share/texlive/texmf-dist/tex/latex/amsfonts/umsb.fd
File: umsb.fd 2013/01/14 v3.01 AMS symbols B
)
LaTeX Font Info:    Try loading font information for U+rsfs on input line 203.

(/usr/share/texlive/texmf-dist/tex/latex/jknapltx/ursfs.fd
File: ursfs.fd 1998/03/24 rsfs font definition file (jk)
) [1




{/var/lib/texmf/fonts/map/pdftex/updmap/pdftex.map}]
Overfull \hbox (2.43332pt too wide) in paragraph at lines 204--204
[][]  
 []


Overfull \hbox (2.43332pt too wide) in paragraph at lines 204--204
[][]  
 []


Overfull \hbox (2.43332pt too wide) in paragraph at lines 204--204
[][]  
 []


Overfull \hbox (2.43332pt too wide) in paragraph at lines 204--204
[][]  
 []


Overfull \hbox (2.43332pt too wide) in paragraph at lines 204--204
[][]  
 []

[2

] [3

] [4

] [5

] (./Thesis.toc [6])
\tf@toc=\write4
\openout4 = `Thesis.toc'.

 [7] (./Thesis.lot)
\tf@lot=\write5
\openout5 = `Thesis.lot'.

 [8

] (./Thesis.lof
[9

])
\tf@lof=\write6
\openout6 = `Thesis.lof'.

 [10]
Chapter 1.
LaTeX Font Info:    Font shape `OMS/lmr/m/n' in size <10.95> not available
(Font)              Font shape `OMS/lmsy/m/n' tried instead on input line 291.

Overfull \hbox (9.97258pt too wide) in paragraph at lines 303--309
[]\T1/lmr/m/n/10.95 The math-e-mat-i-cal model for at-mo-spheric dis-per-sion t
hat we are in-ter-ested is the advection-
 []

[1



] [2] [3] [4]
Chapter 2.
[5

]
Underfull \hbox (badness 10000) in paragraph at lines 515--521

 []

[6]
Underfull \hbox (badness 10000) in paragraph at lines 545--554

 []


Underfull \hbox (badness 10000) in paragraph at lines 560--567

 []

[7] [8] [9]
Underfull \hbox (badness 10000) in paragraph at lines 750--762

 []

[10]
LaTeX Font Info:    Font shape `OMS/lmr/m/it' in size <10.95> not available
(Font)              Font shape `OMS/lmsy/m/n' tried instead on input line 813.
 [11]
Underfull \hbox (badness 10000) in paragraph at lines 872--876

 []

[12]
Underfull \hbox (badness 10000) in paragraph at lines 896--897

 []

[13]
Underfull \hbox (badness 10000) in paragraph at lines 940--947

 []

[14] [15]
Underfull \hbox (badness 10000) in paragraph at lines 1053--1059

 []

<./FigChap2/partitionComparison.jpg, id=481, 1204.5pt x 803.0pt>
File: ./FigChap2/partitionComparison.jpg Graphic file (type jpg)

<use ./FigChap2/partitionComparison.jpg>
Package pdftex.def Info: ./FigChap2/partitionComparison.jpg used on input line 
1077.
(pdftex.def)             Requested size: 397.48624pt x 264.99081pt.
 [16] [17pdfTeX warning (ext4): destination with the same identifier (name{figu
re.2.1}) has been already used, duplicate ignored

\AtBegShi@Output ...ipout \box \AtBeginShipoutBox 
                                                  \fi \fi 
l.1110 \end{equation*}
                       <./FigChap2/partitionComparison.jpg>]
Underfull \hbox (badness 10000) in paragraph at lines 1139--1143

 []

[18]
LaTeX Font Info:    External font `lmex10' loaded for size
(Font)              <9> on input line 1168.

Underfull \hbox (badness 10000) in paragraph at lines 1176--1182

 []


Underfull \hbox (badness 10000) in paragraph at lines 1196--1205

 []

[19]
Underfull \hbox (badness 10000) in paragraph at lines 1269--1273

 []

[20] [21] [22] [23]
Chapter 3.
<./FigChap3/emulatorApproximation.jpg, id=557, 481.8pt x 481.8pt>
File: ./FigChap3/emulatorApproximation.jpg Graphic file (type jpg)

<use ./FigChap3/emulatorApproximation.jpg>
Package pdftex.def Info: ./FigChap3/emulatorApproximation.jpg used on input lin
e 1506.
(pdftex.def)             Requested size: 264.99081pt x 264.99081pt.
 [24

]
Underfull \hbox (badness 10000) in paragraph at lines 1550--1550

 []


Underfull \hbox (badness 10000) in paragraph at lines 1554--1554

 []


Underfull \hbox (badness 10000) in paragraph at lines 1558--1558

 []


Underfull \hbox (badness 10000) in paragraph at lines 1561--1561

 []


Underfull \hbox (badness 10000) in paragraph at lines 1564--1564

 []

[25pdfTeX warning (ext4): destination with the same identifier (name{figure.3.1
}) has been already used, duplicate ignored

\AtBegShi@Output ...ipout \box \AtBeginShipoutBox 
                                                  \fi \fi 
l.1571 L
        et us return to our original goal:  to estimate the value of $b$ tha...
 <./FigChap3/emulatorApproximation.jpg>]
<./FigChap3/solu.jpg, id=575, 562.1pt x 421.575pt>
File: ./FigChap3/solu.jpg Graphic file (type jpg)
 <use ./FigChap3/solu.jpg>
Package pdftex.def Info: ./FigChap3/solu.jpg used on input line 1588.
(pdftex.def)             Requested size: 281.04932pt x 210.78697pt.

[26pdfTeX warning (ext4): destination with the same identifier (name{table.3.1}
) has been already used, duplicate ignored

\AtBegShi@Output ...ipout \box \AtBeginShipoutBox 
                                                  \fi \fi 
l.1596 
       ] [27pdfTeX warning (ext4): destination with the same identifier (name{f
igure.3.2}) has been already used, duplicate ignored

\AtBegShi@Output ...ipout \box \AtBeginShipoutBox 
                                                  \fi \fi 
l.1635 \end{equation*}
                       <./FigChap3/solu.jpg>] [28] [29]
Underfull \hbox (badness 10000) in paragraph at lines 1768--1771

 []

<./FigChap3/fitted.jpg, id=618, 505.89pt x 505.89pt>
File: ./FigChap3/fitted.jpg Graphic file (type jpg)

<use ./FigChap3/fitted.jpg>
Package pdftex.def Info: ./FigChap3/fitted.jpg used on input line 1774.
(pdftex.def)             Requested size: 354.12057pt x 354.12057pt.
 [30pdfTeX warning (ext4): destination with the same identifier (name{figure.3.
3}) has been already used, duplicate ignored

\AtBegShi@Output ...ipout \box \AtBeginShipoutBox 
                                                  \fi \fi 
l.1786 \begin{equation}
                       \label{eqnposteriorforb} <./FigChap3/fitted.jpg>]
<./FigChap3/prior_posterior.jpg, id=631, 505.89pt x 505.89pt>
File: ./FigChap3/prior_posterior.jpg Graphic file (type jpg)

<use ./FigChap3/prior_posterior.jpg>
Package pdftex.def Info: ./FigChap3/prior_posterior.jpg used on input line 1843
.
(pdftex.def)             Requested size: 303.53633pt x 303.53633pt.

Underfull \hbox (badness 10000) in paragraph at lines 1848--1866

 []

[31pdfTeX warning (ext4): destination with the same identifier (name{figure.3.4
}) has been already used, duplicate ignored

\AtBegShi@Output ...ipout \box \AtBeginShipoutBox 
                                                  \fi \fi 
l.1866 
        <./FigChap3/prior_posterior.jpg>]
Package hyperref Info: bookmark level for unknown algorithm defaults to 0 on in
put line 1868.

Underfull \hbox (badness 10000) in paragraph at lines 1901--1912

 []

<./FigChap3/histogram_mcmc.jpg, id=641, 481.8pt x 481.8pt>
File: ./FigChap3/histogram_mcmc.jpg Graphic file (type jpg)

<use ./FigChap3/histogram_mcmc.jpg>
Package pdftex.def Info: ./FigChap3/histogram_mcmc.jpg used on input line 1926.

(pdftex.def)             Requested size: 289.08221pt x 289.08221pt.
 [32] [33pdfTeX warning (ext4): destination with the same identifier (name{figu
re.3.5}) has been already used, duplicate ignored

\AtBegShi@Output ...ipout \box \AtBeginShipoutBox 
                                                  \fi \fi 
l.1955 \end{equation}
                      <./FigChap3/histogram_mcmc.jpg>] [34]
<./FigChap3/posterior_evolution.jpg, id=666, 504.9264pt x 505.4082pt>
File: ./FigChap3/posterior_evolution.jpg Graphic file (type jpg)

<use ./FigChap3/posterior_evolution.jpg>
Package pdftex.def Info: ./FigChap3/posterior_evolution.jpg used on input line 
2016.
(pdftex.def)             Requested size: 353.44608pt x 353.78331pt.
 [35] [36pdfTeX warning (ext4): destination with the same identifier (name{figu
re.3.6}) has been already used, duplicate ignored

\AtBegShi@Output ...ipout \box \AtBeginShipoutBox 
                                                  \fi \fi 
l.2035 \newpage
                <./FigChap3/posterior_evolution.jpg>] [37]
Chapter 4.
<FigChap4/AerealView.png, id=681, 487.8225pt x 461.47406pt>
File: FigChap4/AerealView.png Graphic file (type png)

<use FigChap4/AerealView.png>
Package pdftex.def Info: FigChap4/AerealView.png used on input line 2069.
(pdftex.def)             Requested size: 170.74043pt x 161.51833pt.
 [38

pdfTeX warning (ext4): destination with the same identifier (name{figure.4.1}) 
has been already used, duplicate ignored

\AtBegShi@Output ...ipout \box \AtBeginShipoutBox 
                                                  \fi \fi 
l.2095 \begin{equation*}
                         <./FigChap4/AerealView.png (PNG copy)>]
<./FigChap4/controlVolume.jpg, id=690, 663.22781pt x 266.49562pt>
File: ./FigChap4/controlVolume.jpg Graphic file (type jpg)

<use ./FigChap4/controlVolume.jpg>
Package pdftex.def Info: ./FigChap4/controlVolume.jpg used on input line 2107.
(pdftex.def)             Requested size: 331.6131pt x 133.24748pt.
 [39pdfTeX warning (ext4): destination with the same identifier (name{figure.4.
2}) has been already used, duplicate ignored

\AtBegShi@Output ...ipout \box \AtBeginShipoutBox 
                                                  \fi \fi 
l.2127 \begin{equation*}
                         <./FigChap4/controlVolume.jpg>] [40] [41] [42]
Underfull \hbox (badness 10000) in paragraph at lines 2286--2288

 []

[43] [44]
Underfull \hbox (badness 10000) in paragraph at lines 2362--2365

 []

[45] <./FigChap4/sensitivityPlot.pdf, id=793, 505.89pt x 505.89pt>
File: ./FigChap4/sensitivityPlot.pdf Graphic file (type pdf)

<use ./FigChap4/sensitivityPlot.pdf>
Package pdftex.def Info: ./FigChap4/sensitivityPlot.pdf used on input line 2446
.
(pdftex.def)             Requested size: 354.12057pt x 354.12057pt.
 [46pdfTeX warning (ext4): destination with the same identifier (name{table.4.1
}) has been already used, duplicate ignored

\AtBegShi@Output ...ipout \box \AtBeginShipoutBox 
                                                  \fi \fi 
l.2451 \noindent
                 This figure shows that two of the five variables, namely $z...
]
Underfull \hbox (badness 10000) in paragraph at lines 2456--2462

 []

LaTeX Font Info:    External font `lmex10' loaded for size
(Font)              <14.4> on input line 2466.
LaTeX Font Info:    External font `lmex10' loaded for size
(Font)              <10> on input line 2466.
LaTeX Font Info:    External font `lmex10' loaded for size
(Font)              <7> on input line 2466.

Package hyperref Warning: Token not allowed in a PDF string (PDFDocEncoding):
(hyperref)                removing `math shift' on input line 2466.


Package hyperref Warning: Token not allowed in a PDF string (PDFDocEncoding):
(hyperref)                removing `subscript' on input line 2466.


Package hyperref Warning: Token not allowed in a PDF string (PDFDocEncoding):
(hyperref)                removing `math shift' on input line 2466.

[47pdfTeX warning (ext4): destination with the same identifier (name{figure.4.3
}) has been already used, duplicate ignored

\AtBegShi@Output ...ipout \box \AtBeginShipoutBox 
                                                  \fi \fi 
l.2474 
        <./FigChap4/sensitivityPlot.pdf>] [48]
<./FigChap4/experimentalDesign64.pdf, id=837, 505.89pt x 505.89pt>
File: ./FigChap4/experimentalDesign64.pdf Graphic file (type pdf)

<use ./FigChap4/experimentalDesign64.pdf>
Package pdftex.def Info: ./FigChap4/experimentalDesign64.pdf used on input line
 2555.
(pdftex.def)             Requested size: 303.53633pt x 303.53633pt.
 [49pdfTeX warning (ext4): destination with the same identifier (name{figure.4.
4}) has been already used, duplicate ignored

\AtBegShi@Output ...ipout \box \AtBeginShipoutBox 
                                                  \fi \fi 
l.2572 \begin{equation}
                       \label{eqnBayesChp4} <./FigChap4/experimentalDesign64.pd
f>] [50] [51pdfTeX warning (ext4): destination with the same identifier (name{t
able.4.2}) has been already used, duplicate ignored

\AtBegShi@Output ...ipout \box \AtBeginShipoutBox 
                                                  \fi \fi 
l.2665 \end{equation}
                     ] [52] [53pdfTeX warning (ext4): destination with the same
 identifier (name{table.4.3}) has been already used, duplicate ignored

\AtBegShi@Output ...ipout \box \AtBeginShipoutBox 
                                                  \fi \fi 
l.2765 \begin{equation}
                       \label{eqnFunctional2Optimize}]
<./FigChap4/lambdaEmul.jpg, id=906, 481.8pt x 481.8pt>
File: ./FigChap4/lambdaEmul.jpg Graphic file (type jpg)

<use ./FigChap4/lambdaEmul.jpg>
Package pdftex.def Info: ./FigChap4/lambdaEmul.jpg used on input line 2786.
(pdftex.def)             Requested size: 240.8994pt x 240.8994pt.
 [54pdfTeX warning (ext4): destination with the same identifier (name{figure.4.
5}) has been already used, duplicate ignored

\AtBegShi@Output ...ipout \box \AtBeginShipoutBox 
                                                  \fi \fi 
l.2800 
        <./FigChap4/lambdaEmul.jpg>]
<./FigChap4/traces.jpg, id=919, 481.8pt x 481.8pt>
File: ./FigChap4/traces.jpg Graphic file (type jpg)
 <use ./FigChap4/traces.jpg>
Package pdftex.def Info: ./FigChap4/traces.jpg used on input line 2823.
(pdftex.def)             Requested size: 361.3491pt x 361.3491pt.

[55] [56pdfTeX warning (ext4): destination with the same identifier (name{figur
e.4.6}) has been already used, duplicate ignored

\AtBegShi@Output ...ipout \box \AtBeginShipoutBox 
                                                  \fi \fi 
l.2847 \end{equation*}
                       <./FigChap4/traces.jpg>]
<./FigChap4/histogramsI.pdf, id=939, 505.89pt x 505.89pt>
File: ./FigChap4/histogramsI.pdf Graphic file (type pdf)

<use ./FigChap4/histogramsI.pdf>
Package pdftex.def Info: ./FigChap4/histogramsI.pdf used on input line 2905.
(pdftex.def)             Requested size: 227.64839pt x 227.64839pt.

<./FigChap4/histogramsII.pdf, id=940, 505.89pt x 505.89pt>
File: ./FigChap4/histogramsII.pdf Graphic file (type pdf)

<use ./FigChap4/histogramsII.pdf>
Package pdftex.def Info: ./FigChap4/histogramsII.pdf used on input line 2912.
(pdftex.def)             Requested size: 227.64839pt x 227.64839pt.
 [57] [58pdfTeX warning (ext4): destination with the same identifier (name{figu
re.4.7}) has been already used, duplicate ignored

\AtBegShi@Output ...ipout \box \AtBeginShipoutBox 
                                                  \fi \fi 
l.2932 
        <./FigChap4/histogramsI.pdf> <./FigChap4/histogramsII.pdf>]
<./FigChap4/qUncertainty.pdf, id=968, 505.89pt x 505.89pt>
File: ./FigChap4/qUncertainty.pdf Graphic file (type pdf)

<use ./FigChap4/qUncertainty.pdf>
Package pdftex.def Info: ./FigChap4/qUncertainty.pdf used on input line 2960.
(pdftex.def)             Requested size: 252.94437pt x 252.94437pt.
 [59pdfTeX warning (ext4): destination with the same identifier (name{table.4.4
}) has been already used, duplicate ignored

\AtBegShi@Output ...ipout \box \AtBeginShipoutBox 
                                                  \fi \fi 
l.2977 T
        o conclude this chapter we will compare our results with the results...
pdfTeX warning (ext4): destination with the same identifier (name{figure.4.8}) 
has been already used, duplicate ignored

\AtBegShi@Output ...ipout \box \AtBeginShipoutBox 
                                                  \fi \fi 
l.2977 T
        o conclude this chapter we will compare our results with the results...
 <./FigChap4/qUncertainty.pdf>] [60pdfTeX warning (ext4): destination with the 
same identifier (name{table.4.5}) has been already used, duplicate ignored

\AtBegShi@Output ...ipout \box \AtBeginShipoutBox 
                                                  \fi \fi 
l.3032 \chapter
               {Conclusions}pdfTeX warning (ext4): destination with the same id
entifier (name{table.4.6}) has been already used, duplicate ignored

\AtBegShi@Output ...ipout \box \AtBeginShipoutBox 
                                                  \fi \fi 
l.3032 \chapter
               {Conclusions}]
Chapter 5.
[61

] (./Thesis.bbl [62


]
Underfull \hbox (badness 10000) in paragraph at lines 170--177
[]\T1/lmr/m/n/10.95 Gilles Pu-jol, Bertrand Iooss, Alexan-dre Janon with con-tr
i-bu-tions from
 []


Underfull \hbox (badness 1199) in paragraph at lines 170--177
\T1/lmr/m/n/10.95 Khalid Boumhaout, Se-bastien Da Veiga, Jana Fruth, Lau-rent G
ilquin, Joseph
 []

[63])
Package atveryend Info: Empty hook `BeforeClearDocument' on input line 3080.
 [64]
Package atveryend Info: Empty hook `AfterLastShipout' on input line 3080.
 (./Thesis.aux)
Package atveryend Info: Executing hook `AtVeryEndDocument' on input line 3080.
Package atveryend Info: Executing hook `AtEndAfterFileList' on input line 3080.

Package rerunfilecheck Info: File `Thesis.out' has not changed.
(rerunfilecheck)             Checksum: C7B100B94C679B148DB12186936943E1;1998.


LaTeX Warning: There were multiply-defined labels.

 ) 
Here is how much of TeX's memory you used:
 8955 strings out of 494977
 128549 string characters out of 6180183
 226011 words of memory out of 5000000
 11686 multiletter control sequences out of 15000+600000
 141718 words of font info for 98 fonts, out of 8000000 for 9000
 36 hyphenation exceptions out of 8191
 44i,18n,31p,794b,488s stack positions out of 5000i,500n,10000p,200000b,80000s
{/usr/share/texmf/fonts/enc/dvips/lm/lm-rm.enc}{/usr/share/texmf/fonts/enc/dv
ips/lm/lm-mathit.enc}{/usr/share/texmf/fonts/enc/dvips/lm/lm-ec.enc}{/usr/share
/texmf/fonts/enc/dvips/lm/lm-mathsy.enc}{/usr/share/texmf/fonts/enc/dvips/lm/lm
-mathex.enc}</usr/share/texmf/fonts/type1/public/lm/lmbsy10.pfb></usr/share/tex
mf/fonts/type1/public/lm/lmbx10.pfb></usr/share/texmf/fonts/type1/public/lm/lmb
x12.pfb></usr/share/texmf/fonts/type1/public/lm/lmbx8.pfb></usr/share/texmf/fon
ts/type1/public/lm/lmbxi10.pfb></usr/share/texmf/fonts/type1/public/lm/lmex10.p
fb></usr/share/texmf/fonts/type1/public/lm/lmmi10.pfb></usr/share/texmf/fonts/t
ype1/public/lm/lmmi12.pfb></usr/share/texmf/fonts/type1/public/lm/lmmi6.pfb></u
sr/share/texmf/fonts/type1/public/lm/lmmi8.pfb></usr/share/texmf/fonts/type1/pu
blic/lm/lmr10.pfb></usr/share/texmf/fonts/type1/public/lm/lmr12.pfb></usr/share
/texmf/fonts/type1/public/lm/lmr6.pfb></usr/share/texmf/fonts/type1/public/lm/l
mr8.pfb></usr/share/texmf/fonts/type1/public/lm/lmr9.pfb></usr/share/texmf/font
s/type1/public/lm/lmri10.pfb></usr/share/texmf/fonts/type1/public/lm/lmsy10.pfb
></usr/share/texmf/fonts/type1/public/lm/lmsy6.pfb></usr/share/texmf/fonts/type
1/public/lm/lmsy8.pfb></usr/share/texlive/texmf-dist/fonts/type1/public/amsfont
s/symbols/msbm10.pfb></usr/share/texlive/texmf-dist/fonts/type1/public/rsfs/rsf
s10.pfb>
Output written on Thesis.pdf (74 pages, 2328687 bytes).
PDF statistics:
 1158 PDF objects out of 1200 (max. 8388607)
 1009 compressed objects within 11 object streams
 263 named destinations out of 1000 (max. 500000)
 313 words of extra memory for PDF output out of 10000 (max. 10000000)

