\BOOKMARK [0][-]{section*.1}{Approval}{}% 1
\BOOKMARK [0][-]{section*.3}{Abstract}{}% 2
\BOOKMARK [0][-]{section*.6}{Dedication}{}% 3
\BOOKMARK [0][-]{section*.8}{Acknowledgements}{}% 4
\BOOKMARK [0][-]{section*.9}{Table of Contents}{}% 5
\BOOKMARK [0][-]{section*.10}{List of Tables}{}% 6
\BOOKMARK [0][-]{section*.11}{List of Figures}{}% 7
\BOOKMARK [0][-]{chapter.1}{Introduction}{}% 8
\BOOKMARK [0][-]{chapter.2}{Theoretical and Computational Framework}{}% 9
\BOOKMARK [1][-]{section.2.1}{Dealing with the computational complexity of the physical model}{chapter.2}% 10
\BOOKMARK [2][-]{subsection.2.1.1}{Gaussian Processes}{section.2.1}% 11
\BOOKMARK [2][-]{subsection.2.1.2}{Design of Experiments }{section.2.1}% 12
\BOOKMARK [2][-]{subsection.2.1.3}{Sensitivity Analysis}{section.2.1}% 13
\BOOKMARK [0][-]{chapter.3}{Toy Problem: How Theory Works in Practice}{}% 14
\BOOKMARK [1][-]{section.3.1}{Computing the Posterior}{chapter.3}% 15
\BOOKMARK [2][-]{subsection.3.1.1}{Choosing the Prior}{section.3.1}% 16
\BOOKMARK [2][-]{subsection.3.1.2}{Finding the Likelihood}{section.3.1}% 17
\BOOKMARK [1][-]{section.3.2}{The Importance of the Prior}{chapter.3}% 18
\BOOKMARK [0][-]{chapter.4}{Industrial Case Problem}{}% 19
\BOOKMARK [1][-]{section.4.1}{A Mathematical Model for Pollutant Dispersion}{chapter.4}% 20
\BOOKMARK [2][-]{subsection.4.1.1}{Assumptions on the Diffusivity Tensor}{section.4.1}% 21
\BOOKMARK [2][-]{subsection.4.1.2}{Assumptions on the Wind Velocity Distribution}{section.4.1}% 22
\BOOKMARK [1][-]{section.4.2}{Sensitivity Analysis}{chapter.4}% 23
\BOOKMARK [1][-]{section.4.3}{Building an Emulator for A\(p,L,z0\)}{chapter.4}% 24
\BOOKMARK [1][-]{section.4.4}{Bayesian Framework for the Inverse Problem}{chapter.4}% 25
\BOOKMARK [2][-]{subsection.4.4.1}{Choosing a Prior}{section.4.4}% 26
\BOOKMARK [1][-]{section.4.5}{Inferring the Parameters and the Sources}{chapter.4}% 27
\BOOKMARK [0][-]{chapter.5}{Conclusions}{}% 28
\BOOKMARK [0][-]{section*.14}{Bibliography}{}% 29
